<?xml version="1.0" encoding="UTF-8"?>
<!-- Generated by org.testng.reporters.JUnitReportReporter -->
<testsuite hostname="PATRAMAN3" name="com.pronto.common.tests.HomePageTest" tests="1" failures="0" timestamp="1 Dec 2016 11:50:28 GMT" time="51.380" errors="0">
  <testcase name="myTest" time="51.380" classname="com.pronto.common.tests.HomePageTest"/>
</testsuite> <!-- com.pronto.common.tests.HomePageTest -->
